   ▲ Next.js 15.2.4
   - Local:        http://localhost:4000
   - Network:      http://192.168.31.207:4000

 ✓ Starting...
 ✓ Ready in 225ms
Invalid JSON payload SyntaxError: Unexpected token 'a', "amount:90000" is not valid JSON
    at JSON.parse (<anonymous>)
    at async u (.next/server/app/api/create-order/route.js:1:11180)
Create order request: {
  amount: 60000,
  currency: 'INR',
  receipt: 'm-mejqcgzz-410c5582',
  notes: {
    type: 'membership',
    plan_id: '5d58d704-e500-42d9-a8ed-bb2bd0e92111',
    gym_id: 'd36a5596-4e0a-442a-b040-9a472372f059'
  }
}
Environment check: { hasKeyId: true, hasKeySecret: true, keyIdLength: 23 }
Creating Razorpay order...
Order created: order_R7WoQF0c8L5Var
Create order request: {
  amount: 900000,
  currency: 'INR',
  receipt: 'm-mejqcv2e-410c5582',
  notes: {
    type: 'membership',
    plan_id: '6c603f87-ef01-48fe-9bd6-6ad9c83e1b1e',
    gym_id: 'd36a5596-4e0a-442a-b040-9a472372f059'
  }
}
Environment check: { hasKeyId: true, hasKeySecret: true, keyIdLength: 23 }
Creating Razorpay order...
Order created: order_R7WojLaqms3gds
